Using pre-set license
Built from '2020.3/staging' branch; Version is '2020.3.25f1 (9b9180224418) revision 10195328'; Using compiler version '192528614'; Build Type 'Release'
OS: 'Windows 10  (10.0.19043) 64bit Professional' Language: 'en' Physical Memory: 16335 MB
BatchMode: 1, IsHumanControllingUs: 0, StartBugReporterOnCrash: 0, Is64bit: 1, IsPro: 0

COMMAND LINE ARGUMENTS:
D:\Unity Hub\2020.3.25f1\Editor\Unity.exe
-adb2
-batchMode
-noUpm
-name
AssetImportWorker0
-projectPath
C:/Users/Gaspar/Desktop/Ülikool/2021Sügis/Arvutimängud/Circuite-Defence
-logFile
Logs/AssetImportWorker0.log
-srvPort
64827
Successfully changed project path to: C:/Users/Gaspar/Desktop/Ülikool/2021Sügis/Arvutimängud/Circuite-Defence
C:/Users/Gaspar/Desktop/Ülikool/2021Sügis/Arvutimängud/Circuite-Defence
Using Asset Import Pipeline V2.
Refreshing native plugins compatible for Editor in 60.67 ms, found 3 plugins.
Preloading 0 native plugins for Editor in 0.00 ms.
Initialize engine version: 2020.3.25f1 (9b9180224418)
[Subsystems] Discovering subsystems at path D:/Unity Hub/2020.3.25f1/Editor/Data/Resources/UnitySubsystems
[Subsystems] Discovering subsystems at path C:/Users/Gaspar/Desktop/Ülikool/2021Sügis/Arvutimängud/Circuite-Defence/Assets
GfxDevice: creating device client; threaded=0
Direct3D:
    Version:  Direct3D 11.0 [level 11.1]
    Renderer: AMD Radeon (TM) R9 380 Series (ID=0x6939)
    Vendor:   
    VRAM:     4071 MB
    Driver:   27.20.15003.5017
Initialize mono
Mono path[0] = 'D:/Unity Hub/2020.3.25f1/Editor/Data/Managed'
Mono path[1] = 'D:/Unity Hub/2020.3.25f1/Editor/Data/MonoBleedingEdge/lib/mono/unityjit'
Mono config path = 'D:/Unity Hub/2020.3.25f1/Editor/Data/MonoBleedingEdge/etc'
Using monoOptions --debugger-agent=transport=dt_socket,embedding=1,server=y,suspend=n,address=127.0.0.1:56116
Begin MonoManager ReloadAssembly
Registering precompiled unity dll's ...
Register platform support module: D:/Unity Hub/2020.3.25f1/Editor/Data/PlaybackEngines/WebGLSupport/UnityEditor.WebGL.Extensions.dll
Register platform support module: D:/Unity Hub/2020.3.25f1/Editor/Data/PlaybackEngines/WindowsStandaloneSupport/UnityEditor.WindowsStandalone.Extensions.dll
Registered in 0.001749 seconds.
Native extension for WindowsStandalone target not found
Native extension for WebGL target not found
Refreshing native plugins compatible for Editor in 57.90 ms, found 3 plugins.
Preloading 0 native plugins for Editor in 0.00 ms.
Mono: successfully reloaded assembly
- Completed reload, in  0.723 seconds
Domain Reload Profiling:
	ReloadAssembly (723ms)
		BeginReloadAssembly (78ms)
			ExecutionOrderSort (0ms)
			DisableScriptedObjects (0ms)
			BackupInstance (0ms)
			ReleaseScriptingObjects (0ms)
			CreateAndSetChildDomain (1ms)
		EndReloadAssembly (560ms)
			LoadAssemblies (78ms)
			RebuildTransferFunctionScriptingTraits (0ms)
			SetupTypeCache (185ms)
			ReleaseScriptCaches (0ms)
			RebuildScriptCaches (35ms)
			SetupLoadedEditorAssemblies (214ms)
				LogAssemblyErrors (0ms)
				InitializePlatformSupportModulesInManaged (6ms)
				SetLoadedEditorAssemblies (0ms)
				RefreshPlugins (58ms)
				BeforeProcessingInitializeOnLoad (10ms)
				ProcessInitializeOnLoadAttributes (104ms)
				ProcessInitializeOnLoadMethodAttributes (35ms)
				AfterProcessingInitializeOnLoad (0ms)
				EditorAssembliesLoaded (0ms)
			ExecutionOrderSort2 (0ms)
			AwakeInstancesAfterBackupRestoration (0ms)
Platform modules already initialized, skipping
Registering precompiled user dll's ...
Registered in 0.009097 seconds.
Begin MonoManager ReloadAssembly
Native extension for WindowsStandalone target not found
Native extension for WebGL target not found
Refreshing native plugins compatible for Editor in 56.77 ms, found 3 plugins.
Preloading 0 native plugins for Editor in 0.00 ms.
Mono: successfully reloaded assembly
- Completed reload, in  1.377 seconds
Domain Reload Profiling:
	ReloadAssembly (1379ms)
		BeginReloadAssembly (190ms)
			ExecutionOrderSort (0ms)
			DisableScriptedObjects (6ms)
			BackupInstance (0ms)
			ReleaseScriptingObjects (0ms)
			CreateAndSetChildDomain (23ms)
		EndReloadAssembly (1110ms)
			LoadAssemblies (138ms)
			RebuildTransferFunctionScriptingTraits (0ms)
			SetupTypeCache (364ms)
			ReleaseScriptCaches (1ms)
			RebuildScriptCaches (57ms)
			SetupLoadedEditorAssemblies (411ms)
				LogAssemblyErrors (0ms)
				InitializePlatformSupportModulesInManaged (5ms)
				SetLoadedEditorAssemblies (0ms)
				RefreshPlugins (57ms)
				BeforeProcessingInitializeOnLoad (82ms)
				ProcessInitializeOnLoadAttributes (241ms)
				ProcessInitializeOnLoadMethodAttributes (22ms)
				AfterProcessingInitializeOnLoad (3ms)
				EditorAssembliesLoaded (0ms)
			ExecutionOrderSort2 (0ms)
			AwakeInstancesAfterBackupRestoration (9ms)
Platform modules already initialized, skipping
========================================================================
Worker process is ready to serve import requests
Launched and connected shader compiler UnityShaderCompiler.exe after 0.19 seconds
Refreshing native plugins compatible for Editor in 0.64 ms, found 3 plugins.
Preloading 0 native plugins for Editor in 0.00 ms.
Unloading 2224 Unused Serialized files (Serialized files now loaded: 0)
System memory in use before: 118.6 MB.
System memory in use after: 118.7 MB.

Unloading 27 unused Assets to reduce memory usage. Loaded Objects now: 2681.
Total: 3.886600 ms (FindLiveObjects: 0.262100 ms CreateObjectMapping: 0.075900 ms MarkObjects: 3.518800 ms  DeleteObjects: 0.027800 ms)

AssetImportParameters requested are different than current active one (requested -> active):
  custom:framework-win-MediaFoundation: 216162199b28c13a410421893ffa2e32 -> 
  custom:video-decoder-ogg-theora: a1e56fd34408186e4bbccfd4996cb3dc -> 
  custom:container-muxer-webm: aa71ff27fc2769a1b78a27578f13a17b -> 
  custom:container-demuxer-webm: 4f35f7cbe854078d1ac9338744f61a02 -> 
  custom:container-demuxer-ogg: 62fdf1f143b41e24485cea50d1cbac27 -> 
  custom:video-encoder-webm-vp8: eb34c28f22e8b96e1ab97ce403110664 -> 
  custom:video-decoder-webm-vp8: 9c59270c3fd7afecdb556c50c9e8de78 -> 
  custom:audio-decoder-ogg-vorbis: bf7c407c2cedff20999df2af8eb42d56 -> 
  custom:audio-encoder-webm-vorbis: bf7c407c2cedff20999df2af8eb42d56 -> 
========================================================================
Received Import Request.
  path: Assets/Scenes/SampleScene.unity
  artifactKey: Guid(2cda990e2423bbf4892e6590ba056729) Importer(815301076,1909f56bfc062723c751e8b465ee728b)
Start importing Assets/Scenes/SampleScene.unity using Guid(2cda990e2423bbf4892e6590ba056729) Importer(815301076,1909f56bfc062723c751e8b465ee728b)  -> (artifact id: '9f1b01426b7cae03a8d3817b1e74f312') in 0.019795 seconds 
  Import took 0.023715 seconds .

========================================================================
Received Import Request.
  Time since last request: 47.682388 seconds.
  path: Assets/Scenes/MenuScene.unity
  artifactKey: Guid(b1397a154352ae94084c0cdd6f7eb051) Importer(815301076,1909f56bfc062723c751e8b465ee728b)
Start importing Assets/Scenes/MenuScene.unity using Guid(b1397a154352ae94084c0cdd6f7eb051) Importer(815301076,1909f56bfc062723c751e8b465ee728b)  -> (artifact id: 'b601ac66adbee8862170b65cffa806cf') in 0.004218 seconds 
  Import took 0.007985 seconds .

========================================================================
Received Prepare
Registering precompiled user dll's ...
Registered in 0.009333 seconds.
Begin MonoManager ReloadAssembly
Native extension for WindowsStandalone target not found
Native extension for WebGL target not found
Refreshing native plugins compatible for Editor in 0.61 ms, found 3 plugins.
Preloading 0 native plugins for Editor in 0.00 ms.
Mono: successfully reloaded assembly
- Completed reload, in  1.279 seconds
Domain Reload Profiling:
	ReloadAssembly (1279ms)
		BeginReloadAssembly (155ms)
			ExecutionOrderSort (0ms)
			DisableScriptedObjects (8ms)
			BackupInstance (0ms)
			ReleaseScriptingObjects (0ms)
			CreateAndSetChildDomain (41ms)
		EndReloadAssembly (1050ms)
			LoadAssemblies (141ms)
			RebuildTransferFunctionScriptingTraits (0ms)
			SetupTypeCache (363ms)
			ReleaseScriptCaches (1ms)
			RebuildScriptCaches (63ms)
			SetupLoadedEditorAssemblies (373ms)
				LogAssemblyErrors (0ms)
				InitializePlatformSupportModulesInManaged (6ms)
				SetLoadedEditorAssemblies (1ms)
				RefreshPlugins (1ms)
				BeforeProcessingInitializeOnLoad (83ms)
				ProcessInitializeOnLoadAttributes (262ms)
				ProcessInitializeOnLoadMethodAttributes (14ms)
				AfterProcessingInitializeOnLoad (5ms)
				EditorAssembliesLoaded (0ms)
			ExecutionOrderSort2 (0ms)
			AwakeInstancesAfterBackupRestoration (13ms)
Platform modules already initialized, skipping
Refreshing native plugins compatible for Editor in 0.86 ms, found 3 plugins.
Preloading 0 native plugins for Editor in 0.00 ms.
Unloading 2200 Unused Serialized files (Serialized files now loaded: 0)
System memory in use before: 116.7 MB.
System memory in use after: 116.8 MB.

Unloading 17 unused Assets to reduce memory usage. Loaded Objects now: 2683.
Total: 5.350500 ms (FindLiveObjects: 0.272000 ms CreateObjectMapping: 0.072500 ms MarkObjects: 4.963700 ms  DeleteObjects: 0.040400 ms)

AssetImportParameters requested are different than current active one (requested -> active):
  custom:framework-win-MediaFoundation: 216162199b28c13a410421893ffa2e32 -> 
  custom:video-decoder-ogg-theora: a1e56fd34408186e4bbccfd4996cb3dc -> 
  custom:container-muxer-webm: aa71ff27fc2769a1b78a27578f13a17b -> 
  custom:container-demuxer-webm: 4f35f7cbe854078d1ac9338744f61a02 -> 
  custom:container-demuxer-ogg: 62fdf1f143b41e24485cea50d1cbac27 -> 
  custom:video-encoder-webm-vp8: eb34c28f22e8b96e1ab97ce403110664 -> 
  custom:video-decoder-webm-vp8: 9c59270c3fd7afecdb556c50c9e8de78 -> 
  custom:audio-decoder-ogg-vorbis: bf7c407c2cedff20999df2af8eb42d56 -> 
  custom:audio-encoder-webm-vorbis: bf7c407c2cedff20999df2af8eb42d56 -> 
========================================================================
Received Prepare
Registering precompiled user dll's ...
Registered in 0.031358 seconds.
Begin MonoManager ReloadAssembly
Native extension for WindowsStandalone target not found
Native extension for WebGL target not found
Refreshing native plugins compatible for Editor in 1.53 ms, found 3 plugins.
Preloading 0 native plugins for Editor in 0.00 ms.
Mono: successfully reloaded assembly
- Completed reload, in  2.164 seconds
Domain Reload Profiling:
	ReloadAssembly (2165ms)
		BeginReloadAssembly (212ms)
			ExecutionOrderSort (0ms)
			DisableScriptedObjects (13ms)
			BackupInstance (0ms)
			ReleaseScriptingObjects (0ms)
			CreateAndSetChildDomain (65ms)
		EndReloadAssembly (1847ms)
			LoadAssemblies (213ms)
			RebuildTransferFunctionScriptingTraits (0ms)
			SetupTypeCache (746ms)
			ReleaseScriptCaches (3ms)
			RebuildScriptCaches (114ms)
			SetupLoadedEditorAssemblies (531ms)
				LogAssemblyErrors (0ms)
				InitializePlatformSupportModulesInManaged (10ms)
				SetLoadedEditorAssemblies (3ms)
				RefreshPlugins (2ms)
				BeforeProcessingInitializeOnLoad (129ms)
				ProcessInitializeOnLoadAttributes (370ms)
				ProcessInitializeOnLoadMethodAttributes (14ms)
				AfterProcessingInitializeOnLoad (3ms)
				EditorAssembliesLoaded (0ms)
			ExecutionOrderSort2 (0ms)
			AwakeInstancesAfterBackupRestoration (12ms)
Platform modules already initialized, skipping
Refreshing native plugins compatible for Editor in 1.17 ms, found 3 plugins.
Preloading 0 native plugins for Editor in 0.00 ms.
Unloading 2200 Unused Serialized files (Serialized files now loaded: 0)
System memory in use before: 116.7 MB.
System memory in use after: 116.9 MB.

Unloading 17 unused Assets to reduce memory usage. Loaded Objects now: 2685.
Total: 6.663500 ms (FindLiveObjects: 0.397600 ms CreateObjectMapping: 0.112400 ms MarkObjects: 6.118700 ms  DeleteObjects: 0.031700 ms)

AssetImportParameters requested are different than current active one (requested -> active):
  custom:framework-win-MediaFoundation: 216162199b28c13a410421893ffa2e32 -> 
  custom:video-decoder-ogg-theora: a1e56fd34408186e4bbccfd4996cb3dc -> 
  custom:container-muxer-webm: aa71ff27fc2769a1b78a27578f13a17b -> 
  custom:container-demuxer-webm: 4f35f7cbe854078d1ac9338744f61a02 -> 
  custom:container-demuxer-ogg: 62fdf1f143b41e24485cea50d1cbac27 -> 
  custom:video-encoder-webm-vp8: eb34c28f22e8b96e1ab97ce403110664 -> 
  custom:video-decoder-webm-vp8: 9c59270c3fd7afecdb556c50c9e8de78 -> 
  custom:audio-decoder-ogg-vorbis: bf7c407c2cedff20999df2af8eb42d56 -> 
  custom:audio-encoder-webm-vorbis: bf7c407c2cedff20999df2af8eb42d56 -> 
========================================================================
Received Prepare
Refreshing native plugins compatible for Editor in 13.49 ms, found 3 plugins.
Preloading 0 native plugins for Editor in 0.00 ms.
Unloading 15 Unused Serialized files (Serialized files now loaded: 0)
System memory in use before: 72.9 MB.
System memory in use after: 73.1 MB.

Unloading 15 unused Assets to reduce memory usage. Loaded Objects now: 2685.
Total: 9.476200 ms (FindLiveObjects: 0.389400 ms CreateObjectMapping: 0.111600 ms MarkObjects: 8.934000 ms  DeleteObjects: 0.039100 ms)

AssetImportParameters requested are different than current active one (requested -> active):
  custom:framework-win-MediaFoundation: 216162199b28c13a410421893ffa2e32 -> 
  custom:video-decoder-ogg-theora: a1e56fd34408186e4bbccfd4996cb3dc -> 
  custom:container-muxer-webm: aa71ff27fc2769a1b78a27578f13a17b -> 
  custom:container-demuxer-webm: 4f35f7cbe854078d1ac9338744f61a02 -> 
  custom:container-demuxer-ogg: 62fdf1f143b41e24485cea50d1cbac27 -> 
  custom:video-encoder-webm-vp8: eb34c28f22e8b96e1ab97ce403110664 -> 
  custom:video-decoder-webm-vp8: 9c59270c3fd7afecdb556c50c9e8de78 -> 
  custom:audio-decoder-ogg-vorbis: bf7c407c2cedff20999df2af8eb42d56 -> 
  custom:audio-encoder-webm-vorbis: bf7c407c2cedff20999df2af8eb42d56 -> 
========================================================================
Received Import Request.
  Time since last request: 113.026675 seconds.
  path: Assets/Sprites/base.png
  artifactKey: Guid(b8fc55ab7ab8bac4d8a26d27275ce7dc) Importer(815301076,1909f56bfc062723c751e8b465ee728b)
Start importing Assets/Sprites/base.png using Guid(b8fc55ab7ab8bac4d8a26d27275ce7dc) Importer(815301076,1909f56bfc062723c751e8b465ee728b)  -> (artifact id: '2fcb6549a898db16ee980197f3de2821') in 0.214298 seconds 
  Import took 0.218521 seconds .

========================================================================
Received Import Request.
  Time since last request: 0.000440 seconds.
  path: Assets/Sprites/cpu.png
  artifactKey: Guid(e726423948ef3d44288c07619b272399) Importer(815301076,1909f56bfc062723c751e8b465ee728b)
Start importing Assets/Sprites/cpu.png using Guid(e726423948ef3d44288c07619b272399) Importer(815301076,1909f56bfc062723c751e8b465ee728b)  -> (artifact id: '9aff52bb7fee05dbd61d7d60a2795b9f') in 0.016548 seconds 
  Import took 0.020517 seconds .

========================================================================
Received Import Request.
  Time since last request: 0.000426 seconds.
  path: Assets/Sprites/towerB.png
  artifactKey: Guid(0affcc6ab0515604fb3c599d38d16c10) Importer(815301076,1909f56bfc062723c751e8b465ee728b)
Start importing Assets/Sprites/towerB.png using Guid(0affcc6ab0515604fb3c599d38d16c10) Importer(815301076,1909f56bfc062723c751e8b465ee728b)  -> (artifact id: '8dfa62e304567e257fe3474663194eb9') in 0.014405 seconds 
  Import took 0.018762 seconds .

========================================================================
Received Import Request.
  Time since last request: 0.000414 seconds.
  path: Assets/Sprites/greenwp.jpg
  artifactKey: Guid(772f570d742d0c140b0aee4277dd79e1) Importer(815301076,1909f56bfc062723c751e8b465ee728b)
Start importing Assets/Sprites/greenwp.jpg using Guid(772f570d742d0c140b0aee4277dd79e1) Importer(815301076,1909f56bfc062723c751e8b465ee728b)  -> (artifact id: '4874698a222c4c8536fb36b5787ab9ab') in 0.018222 seconds 
  Import took 0.022783 seconds .

========================================================================
Received Import Request.
  Time since last request: 0.000562 seconds.
  path: Assets/Sprites/purplewp.jpg
  artifactKey: Guid(0698825911ea6df44aab2d6eaa0ffc91) Importer(815301076,1909f56bfc062723c751e8b465ee728b)
Start importing Assets/Sprites/purplewp.jpg using Guid(0698825911ea6df44aab2d6eaa0ffc91) Importer(815301076,1909f56bfc062723c751e8b465ee728b)  -> (artifact id: '267cea083055256b6f7938b2551ff9a4') in 0.016722 seconds 
  Import took 0.021233 seconds .

========================================================================
Received Import Request.
  Time since last request: 0.000466 seconds.
  path: Assets/Sprites/pcie(yellow).png
  artifactKey: Guid(6a025181051416a4b858f02a2478fddc) Importer(815301076,1909f56bfc062723c751e8b465ee728b)
Start importing Assets/Sprites/pcie(yellow).png using Guid(6a025181051416a4b858f02a2478fddc) Importer(815301076,1909f56bfc062723c751e8b465ee728b)  -> (artifact id: '5769f6d0758b0c8a972640a83fa34b07') in 0.015541 seconds 
  Import took 0.019798 seconds .

========================================================================
Received Import Request.
  Time since last request: 0.000437 seconds.
  path: Assets/Sprites/towerG.png
  artifactKey: Guid(ade6c0bf6f0869d4b8bd99f6e02d2308) Importer(815301076,1909f56bfc062723c751e8b465ee728b)
Start importing Assets/Sprites/towerG.png using Guid(ade6c0bf6f0869d4b8bd99f6e02d2308) Importer(815301076,1909f56bfc062723c751e8b465ee728b)  -> (artifact id: '05260164fb6e5023572fc6fdeb3430e8') in 0.013113 seconds 
  Import took 0.017169 seconds .

========================================================================
Received Import Request.
  Time since last request: 0.000401 seconds.
  path: Assets/Sprites/pcie-s(blue).png
  artifactKey: Guid(3dd2a9141709e6740b9ea3fb7d168d9a) Importer(815301076,1909f56bfc062723c751e8b465ee728b)
Start importing Assets/Sprites/pcie-s(blue).png using Guid(3dd2a9141709e6740b9ea3fb7d168d9a) Importer(815301076,1909f56bfc062723c751e8b465ee728b)  -> (artifact id: '966bcfc82ee7c0f511b91f562ad1ccde') in 0.014523 seconds 
  Import took 0.018525 seconds .

========================================================================
Received Import Request.
  Time since last request: 0.000423 seconds.
  path: Assets/Sprites/ramslot(yellow).png
  artifactKey: Guid(1fabfae742bfdd940bcf6dc27ef1dd35) Importer(815301076,1909f56bfc062723c751e8b465ee728b)
Start importing Assets/Sprites/ramslot(yellow).png using Guid(1fabfae742bfdd940bcf6dc27ef1dd35) Importer(815301076,1909f56bfc062723c751e8b465ee728b)  -> (artifact id: '018aa3e2501e12d677edcd78f036d6a5') in 0.014462 seconds 
  Import took 0.018436 seconds .

========================================================================
Received Import Request.
  Time since last request: 0.000384 seconds.
  path: Assets/Sprites/menupng.png
  artifactKey: Guid(1292329ec63ab6a4986ce19398b18e18) Importer(815301076,1909f56bfc062723c751e8b465ee728b)
Start importing Assets/Sprites/menupng.png using Guid(1292329ec63ab6a4986ce19398b18e18) Importer(815301076,1909f56bfc062723c751e8b465ee728b)  -> (artifact id: '30833545f487d2fb0731e7a2510b2015') in 0.016494 seconds 
  Import took 0.020777 seconds .

========================================================================
Received Import Request.
  Time since last request: 0.000360 seconds.
  path: Assets/Sprites/defencetile.png
  artifactKey: Guid(ccfef208fc29d1a4eaaa02bcfc7fa61e) Importer(815301076,1909f56bfc062723c751e8b465ee728b)
Start importing Assets/Sprites/defencetile.png using Guid(ccfef208fc29d1a4eaaa02bcfc7fa61e) Importer(815301076,1909f56bfc062723c751e8b465ee728b)  -> (artifact id: '9d4a77645f486cafe1da53617bfac73a') in 0.015076 seconds 
  Import took 0.018702 seconds .

========================================================================
Received Import Request.
  Time since last request: 0.000347 seconds.
  path: Assets/Sprites/ramslot(blue).png
  artifactKey: Guid(187368ab1173b144e95f87c2d2805a77) Importer(815301076,1909f56bfc062723c751e8b465ee728b)
Start importing Assets/Sprites/ramslot(blue).png using Guid(187368ab1173b144e95f87c2d2805a77) Importer(815301076,1909f56bfc062723c751e8b465ee728b)  -> (artifact id: 'e6fe6cd7196382f1a5e74c2ae36e0c07') in 0.014941 seconds 
  Import took 0.018544 seconds .

========================================================================
Received Import Request.
  Time since last request: 0.000415 seconds.
  path: Assets/Sprites/laser3.png
  artifactKey: Guid(cdd5e0086ee7697439c5b7d6916871c4) Importer(815301076,1909f56bfc062723c751e8b465ee728b)
Start importing Assets/Sprites/laser3.png using Guid(cdd5e0086ee7697439c5b7d6916871c4) Importer(815301076,1909f56bfc062723c751e8b465ee728b)  -> (artifact id: '54ee1b7252066643067d309cb87e2aa5') in 0.020325 seconds 
  Import took 0.024489 seconds .

========================================================================
Received Import Request.
  Time since last request: 0.000489 seconds.
  path: Assets/Sprites/blueWP.jpg
  artifactKey: Guid(d1bd180959e3fd24bb5cd97ca1434e42) Importer(815301076,1909f56bfc062723c751e8b465ee728b)
Start importing Assets/Sprites/blueWP.jpg using Guid(d1bd180959e3fd24bb5cd97ca1434e42) Importer(815301076,1909f56bfc062723c751e8b465ee728b)  -> (artifact id: 'd90eb9d87962fe29c7bcdf197ffeedb6') in 0.066378 seconds 
  Import took 0.070369 seconds .

========================================================================
Received Import Request.
  Time since last request: 0.000373 seconds.
  path: Assets/Sprites/Circle.png
  artifactKey: Guid(2a1ebb906cf111140bbe90af84827e8d) Importer(815301076,1909f56bfc062723c751e8b465ee728b)
Start importing Assets/Sprites/Circle.png using Guid(2a1ebb906cf111140bbe90af84827e8d) Importer(815301076,1909f56bfc062723c751e8b465ee728b)  -> (artifact id: 'd511485d47aa9011ddf156aba79de9a4') in 0.016130 seconds 
  Import took 0.019717 seconds .

========================================================================
Received Import Request.
  Time since last request: 0.000423 seconds.
  path: Assets/Sprites/mainMenu.png
  artifactKey: Guid(2194dbe88866876448fb5aa8ec209b0d) Importer(815301076,1909f56bfc062723c751e8b465ee728b)
Start importing Assets/Sprites/mainMenu.png using Guid(2194dbe88866876448fb5aa8ec209b0d) Importer(815301076,1909f56bfc062723c751e8b465ee728b)  -> (artifact id: 'b4a06fe570213be5d3fd733abd736cd6') in 0.014688 seconds 
  Import took 0.019154 seconds .

========================================================================
Received Import Request.
  Time since last request: 0.000425 seconds.
  path: Assets/Sprites/goodCPU.png
  artifactKey: Guid(60917deb7d29ed5469d4d9fb21abad61) Importer(815301076,1909f56bfc062723c751e8b465ee728b)
Start importing Assets/Sprites/goodCPU.png using Guid(60917deb7d29ed5469d4d9fb21abad61) Importer(815301076,1909f56bfc062723c751e8b465ee728b)  -> (artifact id: '297f55d6deacf3dc2b63bb27a02fa1c6') in 0.014949 seconds 
  Import took 0.018912 seconds .

========================================================================
Received Import Request.
  Time since last request: 0.000360 seconds.
  path: Assets/Sprites/towerR.png
  artifactKey: Guid(9a05724e0256e3c46875bb2568ce9e4f) Importer(815301076,1909f56bfc062723c751e8b465ee728b)
Start importing Assets/Sprites/towerR.png using Guid(9a05724e0256e3c46875bb2568ce9e4f) Importer(815301076,1909f56bfc062723c751e8b465ee728b)  -> (artifact id: 'b875e866eb192db46b0dae0326222421') in 0.013771 seconds 
  Import took 0.017267 seconds .

========================================================================
Received Import Request.
  Time since last request: 0.000371 seconds.
  path: Assets/Sprites/northbridge.png
  artifactKey: Guid(34d75a0077be7794993dc5efc96dc938) Importer(815301076,1909f56bfc062723c751e8b465ee728b)
Start importing Assets/Sprites/northbridge.png using Guid(34d75a0077be7794993dc5efc96dc938) Importer(815301076,1909f56bfc062723c751e8b465ee728b)  -> (artifact id: 'ea4502572a81c7e2657e5f938158eaa4') in 0.015949 seconds 
  Import took 0.019682 seconds .

========================================================================
Received Import Request.
  Time since last request: 0.000441 seconds.
  path: Assets/Sprites/port.png
  artifactKey: Guid(d720b7ab5d4fca64abae4606ba18dfd0) Importer(815301076,1909f56bfc062723c751e8b465ee728b)
Start importing Assets/Sprites/port.png using Guid(d720b7ab5d4fca64abae4606ba18dfd0) Importer(815301076,1909f56bfc062723c751e8b465ee728b)  -> (artifact id: 'ecf1ad9962e7cc6728474aca4ac64788') in 0.014284 seconds 
  Import took 0.018145 seconds .

========================================================================
Received Import Request.
  Time since last request: 0.000363 seconds.
  path: Assets/Sprites/Wallpaper1.jpg
  artifactKey: Guid(4a39f974b1464db478d8066ce77552ff) Importer(815301076,1909f56bfc062723c751e8b465ee728b)
Start importing Assets/Sprites/Wallpaper1.jpg using Guid(4a39f974b1464db478d8066ce77552ff) Importer(815301076,1909f56bfc062723c751e8b465ee728b)  -> (artifact id: '45c392a5922a924a3be7f44e5bdc4385') in 0.015261 seconds 
  Import took 0.018768 seconds .

========================================================================
Received Import Request.
  Time since last request: 0.000356 seconds.
  path: Assets/Sprites/purpleProjectile.png
  artifactKey: Guid(c89da5cfdcdcac440a72901a2b87bc7b) Importer(815301076,1909f56bfc062723c751e8b465ee728b)
Start importing Assets/Sprites/purpleProjectile.png using Guid(c89da5cfdcdcac440a72901a2b87bc7b) Importer(815301076,1909f56bfc062723c751e8b465ee728b)  -> (artifact id: '0f8b6a3b3d5c98876627f5c566005597') in 0.015037 seconds 
  Import took 0.018673 seconds .

========================================================================
Received Import Request.
  Time since last request: 0.000465 seconds.
  path: Assets/Sprites/powerIcon.png
  artifactKey: Guid(c2b6ca7fc47ddcd4eb149db90b9896fb) Importer(815301076,1909f56bfc062723c751e8b465ee728b)
Start importing Assets/Sprites/powerIcon.png using Guid(c2b6ca7fc47ddcd4eb149db90b9896fb) Importer(815301076,1909f56bfc062723c751e8b465ee728b)  -> (artifact id: 'f2f40b184653468722fb99d39cfb01ac') in 0.013826 seconds 
  Import took 0.017857 seconds .

========================================================================
Received Import Request.
  Time since last request: 0.000423 seconds.
  path: Assets/Sprites/pcie-s(yellow).png
  artifactKey: Guid(cbdf9e06f7840824581bf428e73edd8f) Importer(815301076,1909f56bfc062723c751e8b465ee728b)
Start importing Assets/Sprites/pcie-s(yellow).png using Guid(cbdf9e06f7840824581bf428e73edd8f) Importer(815301076,1909f56bfc062723c751e8b465ee728b)  -> (artifact id: 'f6023817b8615c983fe6b08ceb3710e5') in 0.012833 seconds 
  Import took 0.016853 seconds .

========================================================================
Received Import Request.
  Time since last request: 0.000479 seconds.
  path: Assets/Sprites/pcie(blue).png
  artifactKey: Guid(5b0ada265c5d22d4e96f45fd6ee2528f) Importer(815301076,1909f56bfc062723c751e8b465ee728b)
Start importing Assets/Sprites/pcie(blue).png using Guid(5b0ada265c5d22d4e96f45fd6ee2528f) Importer(815301076,1909f56bfc062723c751e8b465ee728b)  -> (artifact id: '7fe24e35da7052892383efaed51055da') in 0.013499 seconds 
  Import took 0.017498 seconds .

========================================================================
Received Import Request.
  Time since last request: 0.000353 seconds.
  path: Assets/Sprites/ceIcon.png
  artifactKey: Guid(64e7897bccee50f40b3f7f8e7573d921) Importer(815301076,1909f56bfc062723c751e8b465ee728b)
Start importing Assets/Sprites/ceIcon.png using Guid(64e7897bccee50f40b3f7f8e7573d921) Importer(815301076,1909f56bfc062723c751e8b465ee728b)  -> (artifact id: 'af18942820605d4619a955f612bc09a9') in 0.014363 seconds 
  Import took 0.018027 seconds .

========================================================================
Received Import Request.
  Time since last request: 0.000501 seconds.
  path: Assets/Sprites/upgradeUI.png
  artifactKey: Guid(4f4047e232fb8d04fbf6923cb150533b) Importer(815301076,1909f56bfc062723c751e8b465ee728b)
Start importing Assets/Sprites/upgradeUI.png using Guid(4f4047e232fb8d04fbf6923cb150533b) Importer(815301076,1909f56bfc062723c751e8b465ee728b)  -> (artifact id: '6a27d56e8e7e65bcffe6a330c1666d3a') in 0.015316 seconds 
  Import took 0.019387 seconds .

========================================================================
Received Import Request.
  Time since last request: 0.000470 seconds.
  path: Assets/Sprites/resourceUI.png
  artifactKey: Guid(0c049ebf8f369d24c9db5b7686929aac) Importer(815301076,1909f56bfc062723c751e8b465ee728b)
Start importing Assets/Sprites/resourceUI.png using Guid(0c049ebf8f369d24c9db5b7686929aac) Importer(815301076,1909f56bfc062723c751e8b465ee728b)  -> (artifact id: 'a5bd28688faf15e4fdb0b73fe336efe8') in 0.014173 seconds 
  Import took 0.017781 seconds .

========================================================================
Received Import Request.
  Time since last request: 0.000454 seconds.
  path: Assets/Sprites/Square.png
  artifactKey: Guid(66e4fe0bd85abb6468f37da901d141b7) Importer(815301076,1909f56bfc062723c751e8b465ee728b)
Start importing Assets/Sprites/Square.png using Guid(66e4fe0bd85abb6468f37da901d141b7) Importer(815301076,1909f56bfc062723c751e8b465ee728b)  -> (artifact id: '040aa9635b505371771a1860e7501524') in 0.015390 seconds 
  Import took 0.019825 seconds .

========================================================================
Received Import Request.
  Time since last request: 0.000464 seconds.
  path: Assets/Sprites/Enemy.png
  artifactKey: Guid(1b11d3ebdeca9eb47965cf5ece18cfb9) Importer(815301076,1909f56bfc062723c751e8b465ee728b)
Start importing Assets/Sprites/Enemy.png using Guid(1b11d3ebdeca9eb47965cf5ece18cfb9) Importer(815301076,1909f56bfc062723c751e8b465ee728b)  -> (artifact id: '195d07d30646c06739d14dee18bae86e') in 0.015682 seconds 
  Import took 0.020459 seconds .

========================================================================
Received Import Request.
  Time since last request: 0.000519 seconds.
  path: Assets/Sprites/iceProjectile.png
  artifactKey: Guid(e258a6cd136807e44a88471146193ca5) Importer(815301076,1909f56bfc062723c751e8b465ee728b)
Start importing Assets/Sprites/iceProjectile.png using Guid(e258a6cd136807e44a88471146193ca5) Importer(815301076,1909f56bfc062723c751e8b465ee728b)  -> (artifact id: '77563f8dab764dab65cac5a16ed07b32') in 0.013931 seconds 
  Import took 0.018389 seconds .

========================================================================
Received Import Request.
  Time since last request: 0.417105 seconds.
  path: Assets/Prefabs/BasicEnemy.prefab
  artifactKey: Guid(9a5dc4b5b00b83242bfe14a001cad4af) Importer(815301076,1909f56bfc062723c751e8b465ee728b)
Start importing Assets/Prefabs/BasicEnemy.prefab using Guid(9a5dc4b5b00b83242bfe14a001cad4af) Importer(815301076,1909f56bfc062723c751e8b465ee728b)  -> (artifact id: 'ec33fe030cad54ac28898cf0110a4fc4') in 0.097884 seconds 
  Import took 0.102011 seconds .

========================================================================
Received Import Request.
  Time since last request: 0.000494 seconds.
  path: Assets/Prefabs/Tower3.prefab
  artifactKey: Guid(7d1fdcb298d3d044c85f0a439c859ac7) Importer(815301076,1909f56bfc062723c751e8b465ee728b)
Start importing Assets/Prefabs/Tower3.prefab using Guid(7d1fdcb298d3d044c85f0a439c859ac7) Importer(815301076,1909f56bfc062723c751e8b465ee728b)  -> (artifact id: '49941ce01e71e668b1b3e9ce637a7350') in 0.027020 seconds 
  Import took 0.031638 seconds .

========================================================================
Received Import Request.
  Time since last request: 0.000744 seconds.
  path: Assets/Prefabs/BasicTower.prefab
  artifactKey: Guid(a2c1dd8b2f8a4e84d90f7599abd1e249) Importer(815301076,1909f56bfc062723c751e8b465ee728b)
Start importing Assets/Prefabs/BasicTower.prefab using Guid(a2c1dd8b2f8a4e84d90f7599abd1e249) Importer(815301076,1909f56bfc062723c751e8b465ee728b)  -> (artifact id: '506332bf9b8baba16f4acc6d69e95cd0') in 0.018422 seconds 
  Import took 0.024110 seconds .

========================================================================
Received Import Request.
  Time since last request: 0.000511 seconds.
  path: Assets/Prefabs/mapTile.prefab
  artifactKey: Guid(351f8f6909589dd4187453524f8f10e7) Importer(815301076,1909f56bfc062723c751e8b465ee728b)
Start importing Assets/Prefabs/mapTile.prefab using Guid(351f8f6909589dd4187453524f8f10e7) Importer(815301076,1909f56bfc062723c751e8b465ee728b)  -> (artifact id: '23b69dd5f3daccfba8679efe39503be0') in 0.014746 seconds 
  Import took 0.019603 seconds .

========================================================================
Received Import Request.
  Time since last request: 0.000414 seconds.
  path: Assets/Prefabs/Laser.prefab
  artifactKey: Guid(7897ba8768bae4b479894e02b95c94f0) Importer(815301076,1909f56bfc062723c751e8b465ee728b)
Start importing Assets/Prefabs/Laser.prefab using Guid(7897ba8768bae4b479894e02b95c94f0) Importer(815301076,1909f56bfc062723c751e8b465ee728b)  -> (artifact id: '69f3435acb2b18acae3c17fbe8737de4') in 0.017109 seconds 
  Import took 0.021905 seconds .

========================================================================
Received Import Request.
  Time since last request: 0.000441 seconds.
  path: Assets/Prefabs/Laser2.prefab
  artifactKey: Guid(e9bf8166417df4341a145736b98990ef) Importer(815301076,1909f56bfc062723c751e8b465ee728b)
Start importing Assets/Prefabs/Laser2.prefab using Guid(e9bf8166417df4341a145736b98990ef) Importer(815301076,1909f56bfc062723c751e8b465ee728b)  -> (artifact id: '83f49290ee2e4fffa09f454ddd9773c0') in 0.019113 seconds 
  Import took 0.024037 seconds .

========================================================================
Received Import Request.
  Time since last request: 0.000424 seconds.
  path: Assets/Prefabs/Bullet.prefab
  artifactKey: Guid(5c79f43474cca764a9122101e3725042) Importer(815301076,1909f56bfc062723c751e8b465ee728b)
Start importing Assets/Prefabs/Bullet.prefab using Guid(5c79f43474cca764a9122101e3725042) Importer(815301076,1909f56bfc062723c751e8b465ee728b)  -> (artifact id: '8176f4fe94aa7b23a7266a32fb8a9437') in 0.017830 seconds 
  Import took 0.022138 seconds .

========================================================================
Received Import Request.
  Time since last request: 0.000401 seconds.
  path: Assets/Prefabs/Tower2.prefab
  artifactKey: Guid(e1d69857778619d41b2b1156468298d1) Importer(815301076,1909f56bfc062723c751e8b465ee728b)
Start importing Assets/Prefabs/Tower2.prefab using Guid(e1d69857778619d41b2b1156468298d1) Importer(815301076,1909f56bfc062723c751e8b465ee728b)  -> (artifact id: '0f624f8d5d36160e8fc6a0becfb74f1c') in 0.022310 seconds 
  Import took 0.028053 seconds .

========================================================================
Received Import Request.
  Time since last request: 0.000477 seconds.
  path: Assets/Prefabs/Cpu.prefab
  artifactKey: Guid(2a1177883a3dbee4ab69bc13e0955d99) Importer(815301076,1909f56bfc062723c751e8b465ee728b)
Start importing Assets/Prefabs/Cpu.prefab using Guid(2a1177883a3dbee4ab69bc13e0955d99) Importer(815301076,1909f56bfc062723c751e8b465ee728b)  -> (artifact id: '727199d9d926865c91d91f9ded44a595') in 0.015991 seconds 
  Import took 0.020960 seconds .

========================================================================
Received Import Request.
  Time since last request: 1.119987 seconds.
  path: Assets/AudioAssets/8bitMusic.mp3
  artifactKey: Guid(b7d3d02800b59a04c8aad4661e2aae7e) Importer(815301076,1909f56bfc062723c751e8b465ee728b)
Start importing Assets/AudioAssets/8bitMusic.mp3 using Guid(b7d3d02800b59a04c8aad4661e2aae7e) Importer(815301076,1909f56bfc062723c751e8b465ee728b)  -> (artifact id: '62226c1f2da2a043207f032dae62a5c1') in 0.009046 seconds 
  Import took 0.014371 seconds .

========================================================================
Received Prepare
Registering precompiled user dll's ...
Registered in 0.010755 seconds.
Begin MonoManager ReloadAssembly
Native extension for WindowsStandalone target not found
Native extension for WebGL target not found
Refreshing native plugins compatible for Editor in 0.62 ms, found 3 plugins.
Preloading 0 native plugins for Editor in 0.00 ms.
Mono: successfully reloaded assembly
- Completed reload, in  1.218 seconds
Domain Reload Profiling:
	ReloadAssembly (1219ms)
		BeginReloadAssembly (138ms)
			ExecutionOrderSort (0ms)
			DisableScriptedObjects (8ms)
			BackupInstance (0ms)
			ReleaseScriptingObjects (0ms)
			CreateAndSetChildDomain (39ms)
		EndReloadAssembly (1008ms)
			LoadAssemblies (127ms)
			RebuildTransferFunctionScriptingTraits (0ms)
			SetupTypeCache (347ms)
			ReleaseScriptCaches (2ms)
			RebuildScriptCaches (57ms)
			SetupLoadedEditorAssemblies (364ms)
				LogAssemblyErrors (0ms)
				InitializePlatformSupportModulesInManaged (7ms)
				SetLoadedEditorAssemblies (2ms)
				RefreshPlugins (1ms)
				BeforeProcessingInitializeOnLoad (83ms)
				ProcessInitializeOnLoadAttributes (256ms)
				ProcessInitializeOnLoadMethodAttributes (13ms)
				AfterProcessingInitializeOnLoad (3ms)
				EditorAssembliesLoaded (0ms)
			ExecutionOrderSort2 (0ms)
			AwakeInstancesAfterBackupRestoration (11ms)
Platform modules already initialized, skipping
Refreshing native plugins compatible for Editor in 0.62 ms, found 3 plugins.
Preloading 0 native plugins for Editor in 0.00 ms.
Unloading 2200 Unused Serialized files (Serialized files now loaded: 0)
System memory in use before: 120.0 MB.
System memory in use after: 120.3 MB.

Unloading 19 unused Assets to reduce memory usage. Loaded Objects now: 2728.
Total: 3.761000 ms (FindLiveObjects: 0.270500 ms CreateObjectMapping: 0.088500 ms MarkObjects: 3.351400 ms  DeleteObjects: 0.049400 ms)

AssetImportParameters requested are different than current active one (requested -> active):
  custom:framework-win-MediaFoundation: 216162199b28c13a410421893ffa2e32 -> 
  custom:video-decoder-ogg-theora: a1e56fd34408186e4bbccfd4996cb3dc -> 
  custom:container-muxer-webm: aa71ff27fc2769a1b78a27578f13a17b -> 
  custom:container-demuxer-webm: 4f35f7cbe854078d1ac9338744f61a02 -> 
  custom:container-demuxer-ogg: 62fdf1f143b41e24485cea50d1cbac27 -> 
  custom:video-encoder-webm-vp8: eb34c28f22e8b96e1ab97ce403110664 -> 
  custom:video-decoder-webm-vp8: 9c59270c3fd7afecdb556c50c9e8de78 -> 
  custom:audio-decoder-ogg-vorbis: bf7c407c2cedff20999df2af8eb42d56 -> 
  custom:audio-encoder-webm-vorbis: bf7c407c2cedff20999df2af8eb42d56 -> 
========================================================================
Received Import Request.
  Time since last request: 51.356915 seconds.
  path: Assets/AudioAssets/8bitMusic 1.mp3
  artifactKey: Guid(301b5bd512cf4d54195aad85636d7b8c) Importer(815301076,1909f56bfc062723c751e8b465ee728b)
Start importing Assets/AudioAssets/8bitMusic 1.mp3 using Guid(301b5bd512cf4d54195aad85636d7b8c) Importer(815301076,1909f56bfc062723c751e8b465ee728b)  -> (artifact id: 'a39847e7df4067a59ccaf760bd1cf0b0') in 0.018157 seconds 
  Import took 0.022193 seconds .

========================================================================
Received Import Request.
  Time since last request: 189.675032 seconds.
  path: Assets/Prefabs/8bitMusic.mp3
  artifactKey: Guid(bfc11b192a11dce43b9efd5f1338081e) Importer(815301076,1909f56bfc062723c751e8b465ee728b)
Start importing Assets/Prefabs/8bitMusic.mp3 using Guid(bfc11b192a11dce43b9efd5f1338081e) Importer(815301076,1909f56bfc062723c751e8b465ee728b)  -> (artifact id: '3d0ec4580e0871e95120b90d9e3902bc') in 0.049186 seconds 
  Import took 0.054153 seconds .

========================================================================
Received Prepare
Registering precompiled user dll's ...
Registered in 0.008449 seconds.
Begin MonoManager ReloadAssembly
Native extension for WindowsStandalone target not found
Native extension for WebGL target not found
Refreshing native plugins compatible for Editor in 0.79 ms, found 3 plugins.
Preloading 0 native plugins for Editor in 0.00 ms.
Mono: successfully reloaded assembly
- Completed reload, in  1.322 seconds
Domain Reload Profiling:
	ReloadAssembly (1323ms)
		BeginReloadAssembly (181ms)
			ExecutionOrderSort (0ms)
			DisableScriptedObjects (8ms)
			BackupInstance (0ms)
			ReleaseScriptingObjects (0ms)
			CreateAndSetChildDomain (49ms)
		EndReloadAssembly (1065ms)
			LoadAssemblies (160ms)
			RebuildTransferFunctionScriptingTraits (0ms)
			SetupTypeCache (376ms)
			ReleaseScriptCaches (2ms)
			RebuildScriptCaches (57ms)
			SetupLoadedEditorAssemblies (371ms)
				LogAssemblyErrors (0ms)
				InitializePlatformSupportModulesInManaged (7ms)
				SetLoadedEditorAssemblies (2ms)
				RefreshPlugins (1ms)
				BeforeProcessingInitializeOnLoad (89ms)
				ProcessInitializeOnLoadAttributes (256ms)
				ProcessInitializeOnLoadMethodAttributes (13ms)
				AfterProcessingInitializeOnLoad (3ms)
				EditorAssembliesLoaded (0ms)
			ExecutionOrderSort2 (0ms)
			AwakeInstancesAfterBackupRestoration (14ms)
Platform modules already initialized, skipping
Refreshing native plugins compatible for Editor in 0.61 ms, found 3 plugins.
Preloading 0 native plugins for Editor in 0.00 ms.
Unloading 2200 Unused Serialized files (Serialized files now loaded: 0)
System memory in use before: 120.1 MB.
System memory in use after: 120.3 MB.

Unloading 17 unused Assets to reduce memory usage. Loaded Objects now: 2733.
Total: 3.689700 ms (FindLiveObjects: 0.265400 ms CreateObjectMapping: 0.077900 ms MarkObjects: 3.324500 ms  DeleteObjects: 0.020600 ms)

AssetImportParameters requested are different than current active one (requested -> active):
  custom:framework-win-MediaFoundation: 216162199b28c13a410421893ffa2e32 -> 
  custom:video-decoder-ogg-theora: a1e56fd34408186e4bbccfd4996cb3dc -> 
  custom:container-muxer-webm: aa71ff27fc2769a1b78a27578f13a17b -> 
  custom:container-demuxer-webm: 4f35f7cbe854078d1ac9338744f61a02 -> 
  custom:container-demuxer-ogg: 62fdf1f143b41e24485cea50d1cbac27 -> 
  custom:video-encoder-webm-vp8: eb34c28f22e8b96e1ab97ce403110664 -> 
  custom:video-decoder-webm-vp8: 9c59270c3fd7afecdb556c50c9e8de78 -> 
  custom:audio-decoder-ogg-vorbis: bf7c407c2cedff20999df2af8eb42d56 -> 
  custom:audio-encoder-webm-vorbis: bf7c407c2cedff20999df2af8eb42d56 -> 
========================================================================
Received Prepare
Registering precompiled user dll's ...
Registered in 0.009914 seconds.
Begin MonoManager ReloadAssembly
Native extension for WindowsStandalone target not found
Native extension for WebGL target not found
Refreshing native plugins compatible for Editor in 0.76 ms, found 3 plugins.
Preloading 0 native plugins for Editor in 0.00 ms.
Mono: successfully reloaded assembly
- Completed reload, in  1.229 seconds
Domain Reload Profiling:
	ReloadAssembly (1229ms)
		BeginReloadAssembly (135ms)
			ExecutionOrderSort (0ms)
			DisableScriptedObjects (8ms)
			BackupInstance (0ms)
			ReleaseScriptingObjects (0ms)
			CreateAndSetChildDomain (38ms)
		EndReloadAssembly (1021ms)
			LoadAssemblies (127ms)
			RebuildTransferFunctionScriptingTraits (0ms)
			SetupTypeCache (349ms)
			ReleaseScriptCaches (1ms)
			RebuildScriptCaches (58ms)
			SetupLoadedEditorAssemblies (371ms)
				LogAssemblyErrors (0ms)
				InitializePlatformSupportModulesInManaged (7ms)
				SetLoadedEditorAssemblies (1ms)
				RefreshPlugins (1ms)
				BeforeProcessingInitializeOnLoad (91ms)
				ProcessInitializeOnLoadAttributes (256ms)
				ProcessInitializeOnLoadMethodAttributes (14ms)
				AfterProcessingInitializeOnLoad (3ms)
				EditorAssembliesLoaded (0ms)
			ExecutionOrderSort2 (0ms)
			AwakeInstancesAfterBackupRestoration (11ms)
Platform modules already initialized, skipping
Refreshing native plugins compatible for Editor in 0.58 ms, found 3 plugins.
Preloading 0 native plugins for Editor in 0.00 ms.
Unloading 2200 Unused Serialized files (Serialized files now loaded: 0)
System memory in use before: 120.1 MB.
System memory in use after: 120.3 MB.

Unloading 17 unused Assets to reduce memory usage. Loaded Objects now: 2735.
Total: 3.888800 ms (FindLiveObjects: 0.288400 ms CreateObjectMapping: 0.077200 ms MarkObjects: 3.496000 ms  DeleteObjects: 0.025200 ms)

AssetImportParameters requested are different than current active one (requested -> active):
  custom:framework-win-MediaFoundation: 216162199b28c13a410421893ffa2e32 -> 
  custom:video-decoder-ogg-theora: a1e56fd34408186e4bbccfd4996cb3dc -> 
  custom:container-muxer-webm: aa71ff27fc2769a1b78a27578f13a17b -> 
  custom:container-demuxer-webm: 4f35f7cbe854078d1ac9338744f61a02 -> 
  custom:container-demuxer-ogg: 62fdf1f143b41e24485cea50d1cbac27 -> 
  custom:video-encoder-webm-vp8: eb34c28f22e8b96e1ab97ce403110664 -> 
  custom:video-decoder-webm-vp8: 9c59270c3fd7afecdb556c50c9e8de78 -> 
  custom:audio-decoder-ogg-vorbis: bf7c407c2cedff20999df2af8eb42d56 -> 
  custom:audio-encoder-webm-vorbis: bf7c407c2cedff20999df2af8eb42d56 -> 
========================================================================
Received Import Request.
  Time since last request: 55.081050 seconds.
  path: Assets/AudioAssets/8bitMusic.mp3
  artifactKey: Guid(b7d3d02800b59a04c8aad4661e2aae7e) Importer(815301076,1909f56bfc062723c751e8b465ee728b)
Start importing Assets/AudioAssets/8bitMusic.mp3 using Guid(b7d3d02800b59a04c8aad4661e2aae7e) Importer(815301076,1909f56bfc062723c751e8b465ee728b)  -> (artifact id: '09b3801c7b9218f7f2bee9162e825f56') in 0.061323 seconds 
  Import took 0.066554 seconds .

========================================================================
Received Prepare
Refreshing native plugins compatible for Editor in 7.49 ms, found 3 plugins.
Preloading 0 native plugins for Editor in 0.00 ms.
Unloading 15 Unused Serialized files (Serialized files now loaded: 0)
System memory in use before: 76.3 MB.
System memory in use after: 76.5 MB.

Unloading 15 unused Assets to reduce memory usage. Loaded Objects now: 2736.
Total: 4.667500 ms (FindLiveObjects: 0.259100 ms CreateObjectMapping: 0.076100 ms MarkObjects: 4.306500 ms  DeleteObjects: 0.024900 ms)

AssetImportParameters requested are different than current active one (requested -> active):
  custom:framework-win-MediaFoundation: 216162199b28c13a410421893ffa2e32 -> 
  custom:video-decoder-ogg-theora: a1e56fd34408186e4bbccfd4996cb3dc -> 
  custom:container-muxer-webm: aa71ff27fc2769a1b78a27578f13a17b -> 
  custom:container-demuxer-webm: 4f35f7cbe854078d1ac9338744f61a02 -> 
  custom:container-demuxer-ogg: 62fdf1f143b41e24485cea50d1cbac27 -> 
  custom:video-encoder-webm-vp8: eb34c28f22e8b96e1ab97ce403110664 -> 
  custom:video-decoder-webm-vp8: 9c59270c3fd7afecdb556c50c9e8de78 -> 
  custom:audio-decoder-ogg-vorbis: bf7c407c2cedff20999df2af8eb42d56 -> 
  custom:audio-encoder-webm-vorbis: bf7c407c2cedff20999df2af8eb42d56 -> 
========================================================================
Received Prepare
Refreshing native plugins compatible for Editor in 7.95 ms, found 3 plugins.
Preloading 0 native plugins for Editor in 0.00 ms.
Unloading 15 Unused Serialized files (Serialized files now loaded: 0)
System memory in use before: 76.1 MB.
System memory in use after: 76.3 MB.

Unloading 15 unused Assets to reduce memory usage. Loaded Objects now: 2736.
Total: 4.524800 ms (FindLiveObjects: 0.275900 ms CreateObjectMapping: 0.078000 ms MarkObjects: 4.147700 ms  DeleteObjects: 0.022100 ms)

AssetImportParameters requested are different than current active one (requested -> active):
  custom:framework-win-MediaFoundation: 216162199b28c13a410421893ffa2e32 -> 
  custom:video-decoder-ogg-theora: a1e56fd34408186e4bbccfd4996cb3dc -> 
  custom:container-muxer-webm: aa71ff27fc2769a1b78a27578f13a17b -> 
  custom:container-demuxer-webm: 4f35f7cbe854078d1ac9338744f61a02 -> 
  custom:container-demuxer-ogg: 62fdf1f143b41e24485cea50d1cbac27 -> 
  custom:video-encoder-webm-vp8: eb34c28f22e8b96e1ab97ce403110664 -> 
  custom:video-decoder-webm-vp8: 9c59270c3fd7afecdb556c50c9e8de78 -> 
  custom:audio-decoder-ogg-vorbis: bf7c407c2cedff20999df2af8eb42d56 -> 
  custom:audio-encoder-webm-vorbis: bf7c407c2cedff20999df2af8eb42d56 -> 
